<?xml version="1.0" encoding="UTF-8"?>
<testng-results ignored="0" total="1" passed="1" failed="0" skipped="0">
  <reporter-output>
  </reporter-output>
  <suite started-at="2025-03-24T16:42:53 IST" name="Default suite" finished-at="2025-03-24T16:43:44 IST" duration-ms="50657">
    <groups>
      <group name="cucumber">
        <method signature="AbstractTestNGCucumberTests.runScenario(io.cucumber.testng.PickleWrapper,io.cucumber.testng.FeatureWrapper)[pri:0, instance:com.openmrs.testRunner.TestRunner@25df00a0]" name="runScenario" class="io.cucumber.testng.AbstractTestNGCucumberTests"/>
      </group> <!-- cucumber -->
    </groups>
    <test started-at="2025-03-24T16:42:53 IST" name="Default test" finished-at="2025-03-24T16:43:44 IST" duration-ms="50657">
      <class name="com.openmrs.testRunner.TestRunner">
        <test-method is-config="true" signature="setUpClass(org.testng.ITestContext)[pri:0, instance:com.openmrs.testRunner.TestRunner@25df00a0]" started-at="2025-03-24T16:42:53 IST" name="setUpClass" finished-at="2025-03-24T16:42:54 IST" duration-ms="946" status="PASS">
          <params>
            <param index="0">
              <value>
                <![CDATA[org.testng.TestRunner@75f4d8a8]]>
              </value>
            </param>
          </params>
          <reporter-output>
          </reporter-output>
        </test-method> <!-- setUpClass -->
        <test-method signature="runScenario(io.cucumber.testng.PickleWrapper,io.cucumber.testng.FeatureWrapper)[pri:0, instance:com.openmrs.testRunner.TestRunner@25df00a0]" started-at="2025-03-24T16:42:54 IST" name="runScenario" description="Runs Cucumber Scenarios" data-provider="scenarios" finished-at="2025-03-24T16:43:43 IST" duration-ms="49226" status="PASS">
          <params>
            <param index="0">
              <value>
                <![CDATA["User Successfully Register, delete, and verify the patient is deleted"]]>
              </value>
            </param>
            <param index="1">
              <value>
                <![CDATA["User register and delete a patient in OpenMRS"]]>
              </value>
            </param>
          </params>
          <reporter-output>
          </reporter-output>
        </test-method> <!-- runScenario -->
        <test-method is-config="true" signature="tearDownClass()[pri:0, instance:com.openmrs.testRunner.TestRunner@25df00a0]" started-at="2025-03-24T16:43:43 IST" name="tearDownClass" finished-at="2025-03-24T16:43:44 IST" duration-ms="429" status="PASS">
          <reporter-output>
          </reporter-output>
        </test-method> <!-- tearDownClass -->
      </class> <!-- com.openmrs.testRunner.TestRunner -->
    </test> <!-- Default test -->
  </suite> <!-- Default suite -->
</testng-results>
